<?xml version="1.0" encoding="UTF-8"?>
<!-- Generated by org.testng.reporters.JUnitReportReporter -->
<testsuite hostname="ITZTZ9R" failures="0" tests="2" name="com.vodafone.vodafone_eshop_taf.eshop.tests.addToCart.AddtoCardRunner" time="114.178" errors="0" timestamp="2022-02-28T09:14:59 EET" skipped="0">
  <testcase classname="com.vodafone.vodafone_eshop_taf.eshop.tests.addToCart.AddtoCardRunner" name="runScenario" time="38.674"/>
  <system-out/>
  <testcase classname="com.vodafone.vodafone_eshop_taf.eshop.tests.addToCart.AddtoCardRunner" name="runScenario" time="75.504"/>
  <system-out/>
</testsuite> <!-- com.vodafone.vodafone_eshop_taf.eshop.tests.addToCart.AddtoCardRunner -->
